#
# There is insufficient memory for the Java Runtime Environment to continue.
# Native memory allocation (mmap) failed to map 268435456 bytes for G1 virtual space
# Possible reasons:
#   The system is out of physical RAM or swap space
#   The process is running with CompressedOops enabled, and the Java Heap may be blocking the growth of the native heap
# Possible solutions:
#   Reduce memory load on the system
#   Increase physical memory or swap space
#   Check if swap backing store is full
#   Decrease Java heap size (-Xmx/-Xms)
#   Decrease number of Java threads
#   Decrease Java thread stack sizes (-Xss)
#   Set larger code cache with -XX:ReservedCodeCacheSize=
#   JVM is running with Zero Based Compressed Oops mode in which the Java heap is
#     placed in the first 32GB address space. The Java Heap base address is the
#     maximum limit for the native heap growth. Please use -XX:HeapBaseMinAddress
#     to set the Java Heap base and to place the Java Heap above 32GB virtual address.
# This output file may be truncated or incomplete.
#
#  Out of Memory Error (os_windows.cpp:3557), pid=23144, tid=10756
#
# JRE version:  (17.0.6+10) (build )
# Java VM: OpenJDK 64-Bit Server VM (17.0.6+10, mixed mode, sharing, tiered, compressed oops, compressed class ptrs, g1 gc, windows-amd64)
# No core dump will be written. Minidumps are not enabled by default on client versions of Windows
#

---------------  S U M M A R Y ------------

Command Line: -Dclassworlds.conf=C:\Users\abhis\scoop\apps\netbeans\current\java\maven\bin\m2.conf -Dmaven.home=C:\Users\abhis\scoop\apps\netbeans\current\java\maven -Dlibrary.jansi.path=C:\Users\abhis\scoop\apps\netbeans\current\java\maven\lib\jansi-native -Dmaven.multiModuleProjectDirectory=C:\Users\abhis\Documents\NetBeansProjects\federatedflix org.codehaus.plexus.classworlds.launcher.Launcher -Dmaven.ext.class.path=C:\Users\abhis\scoop\apps\netbeans\current\java\maven-nblib\netbeans-eventspy.jar -Dfile.encoding=UTF-8 clean install

Host: AMD Ryzen 5 5600X 6-Core Processor             , 12 cores, 15G,  Windows 11 , 64 bit Build 22621 (10.0.22621.1485)
Time: Tue Apr 11 21:42:55 2023 Pacific Daylight Time elapsed time: 0.006664 seconds (0d 0h 0m 0s)

---------------  T H R E A D  ---------------

Current thread (0x0000018ebcb4c7f0):  JavaThread "Unknown thread" [_thread_in_vm, id=10756, stack(0x00000077c5600000,0x00000077c5700000)]

Stack: [0x00000077c5600000,0x00000077c5700000]
Native frames: (J=compiled Java code, j=interpreted, Vv=VM code, C=native code)
V  [jvm.dll+0x67741a]
V  [jvm.dll+0x834434]
V  [jvm.dll+0x835bde]
V  [jvm.dll+0x836243]
V  [jvm.dll+0x2457b5]
V  [jvm.dll+0x674329]
V  [jvm.dll+0x6689da]
V  [jvm.dll+0x30489b]
V  [jvm.dll+0x30bd96]
V  [jvm.dll+0x35b57e]
V  [jvm.dll+0x35b7af]
V  [jvm.dll+0x2db778]
V  [jvm.dll+0x2dc6e4]
V  [jvm.dll+0x806131]
V  [jvm.dll+0x369331]
V  [jvm.dll+0x7e56ac]
V  [jvm.dll+0x3eb35f]
V  [jvm.dll+0x3ecea1]
C  [jli.dll+0x5267]
C  [ucrtbase.dll+0x29363]
C  [KERNEL32.DLL+0x1269d]
C  [ntdll.dll+0x5a9f8]


---------------  P R O C E S S  ---------------

Threads class SMR info:
_java_thread_list=0x00007ff8bccb5fd8, length=0, elements={
}

Java Threads: ( => current thread )

Other Threads:
  0x0000018ebcdd7090 GCTaskThread "GC Thread#0" [stack: 0x00000077c5700000,0x00000077c5800000] [id=22744]
  0x0000018ebcde7ff0 ConcurrentGCThread "G1 Main Marker" [stack: 0x00000077c5800000,0x00000077c5900000] [id=18136]
  0x0000018ebcde98b0 ConcurrentGCThread "G1 Conc#0" [stack: 0x00000077c5900000,0x00000077c5a00000] [id=11532]

[error occurred during error reporting (printing all threads), id 0xc0000005, EXCEPTION_ACCESS_VIOLATION (0xc0000005) at pc=0x00007ff8bc48c1e7]

VM state: not at safepoint (not fully initialized)

VM Mutex/Monitor currently owned by a thread:  ([mutex/lock_event])
[0x0000018ebcd6c590] Heap_lock - owner thread: 0x0000018ebcb4c7f0

Heap address: 0x0000000701400000, size: 4076 MB, Compressed Oops mode: Zero based, Oop shift amount: 3

CDS archive(s) mapped at: [0x0000000000000000-0x0000000000000000-0x0000000000000000), size 0, SharedBaseAddress: 0x0000000800000000, ArchiveRelocationMode: 0.
Narrow klass base: 0x0000000000000000, Narrow klass shift: 0, Narrow klass range: 0x0

GC Precious Log:
<Empty>

Heap:
 garbage-first heap   total 0K, used 0K [0x0000000701400000, 0x0000000800000000)
  region size 2048K, 0 young (0K), 0 survivors (0K)

[error occurred during error reporting (printing heap information), id 0xc0000005, EXCEPTION_ACCESS_VIOLATION (0xc0000005) at pc=0x00007ff8bc8706f9]

GC Heap History (0 events):
No events

Dll operation events (1 events):
Event: 0.004 Loaded shared library C:\Users\abhis\scoop\apps\temurin17-jdk\current\bin\java.dll

Deoptimization events (0 events):
No events

Classes unloaded (0 events):
No events

Classes redefined (0 events):
No events

Internal exceptions (0 events):
No events

VM Operations (0 events):
No events

Events (0 events):
No events


Dynamic libraries:
0x00007ff67f470000 - 0x00007ff67f47e000 	C:\Users\abhis\scoop\apps\temurin17-jdk\current\bin\java.exe
0x00007ff936370000 - 0x00007ff936584000 	C:\WINDOWS\SYSTEM32\ntdll.dll
0x00007ff934fb0000 - 0x00007ff935072000 	C:\WINDOWS\System32\KERNEL32.DLL
0x00007ff933cc0000 - 0x00007ff93405c000 	C:\WINDOWS\System32\KERNELBASE.dll
0x00007ff933ba0000 - 0x00007ff933cb1000 	C:\WINDOWS\System32\ucrtbase.dll
0x00007ff90c2f0000 - 0x00007ff90c309000 	C:\Users\abhis\scoop\apps\temurin17-jdk\current\bin\VCRUNTIME140.dll
0x00007ff930010000 - 0x00007ff930027000 	C:\Users\abhis\scoop\apps\temurin17-jdk\current\bin\jli.dll
0x00007ff934980000 - 0x00007ff934b2b000 	C:\WINDOWS\System32\USER32.dll
0x00007ff9272c0000 - 0x00007ff92754e000 	C:\WINDOWS\WinSxS\amd64_microsoft.windows.common-controls_6595b64144ccf1df_6.0.22621.608_none_a9444ca7c10bb01d\COMCTL32.dll
0x00007ff934060000 - 0x00007ff934086000 	C:\WINDOWS\System32\win32u.dll
0x00007ff9343c0000 - 0x00007ff934467000 	C:\WINDOWS\System32\msvcrt.dll
0x00007ff935970000 - 0x00007ff935999000 	C:\WINDOWS\System32\GDI32.dll
0x00007ff9339c0000 - 0x00007ff933ad3000 	C:\WINDOWS\System32\gdi32full.dll
0x00007ff933920000 - 0x00007ff9339ba000 	C:\WINDOWS\System32\msvcp_win.dll
0x00007ff9350e0000 - 0x00007ff935111000 	C:\WINDOWS\System32\IMM32.DLL
0x00007ff9176b0000 - 0x00007ff9176bc000 	C:\Users\abhis\scoop\apps\temurin17-jdk\current\bin\vcruntime140_1.dll
0x00007ff906310000 - 0x00007ff9063a1000 	C:\Users\abhis\scoop\apps\temurin17-jdk\current\bin\msvcp140.dll
0x00007ff8bc1a0000 - 0x00007ff8bcde7000 	C:\Users\abhis\scoop\apps\temurin17-jdk\current\bin\server\jvm.dll
0x00007ff9360b0000 - 0x00007ff93615e000 	C:\WINDOWS\System32\ADVAPI32.dll
0x00007ff935ff0000 - 0x00007ff936094000 	C:\WINDOWS\System32\sechost.dll
0x00007ff934470000 - 0x00007ff934585000 	C:\WINDOWS\System32\RPCRT4.dll
0x00007ff929580000 - 0x00007ff9295b4000 	C:\WINDOWS\SYSTEM32\WINMM.dll
0x00007ff919bf0000 - 0x00007ff919bf9000 	C:\WINDOWS\SYSTEM32\WSOCK32.dll
0x00007ff92dc20000 - 0x00007ff92dc2a000 	C:\WINDOWS\SYSTEM32\VERSION.dll
0x00007ff934590000 - 0x00007ff934601000 	C:\WINDOWS\System32\WS2_32.dll
0x00007ff9328c0000 - 0x00007ff9328d8000 	C:\WINDOWS\SYSTEM32\kernel.appcore.dll
0x00007ff90df30000 - 0x00007ff90df3a000 	C:\Users\abhis\scoop\apps\temurin17-jdk\current\bin\jimage.dll
0x00007ff927820000 - 0x00007ff927a4e000 	C:\WINDOWS\SYSTEM32\DBGHELP.DLL
0x00007ff935b50000 - 0x00007ff935ed9000 	C:\WINDOWS\System32\combase.dll
0x00007ff9341e0000 - 0x00007ff9342b7000 	C:\WINDOWS\System32\OLEAUT32.dll
0x00007ff918f50000 - 0x00007ff918f82000 	C:\WINDOWS\SYSTEM32\dbgcore.DLL
0x00007ff934100000 - 0x00007ff93417b000 	C:\WINDOWS\System32\bcryptPrimitives.dll
0x00007ff909ac0000 - 0x00007ff909ae5000 	C:\Users\abhis\scoop\apps\temurin17-jdk\current\bin\java.dll

dbghelp: loaded successfully - version: 4.0.5 - missing functions: none
symbol engine: initialized successfully - sym options: 0x614 - pdb path: .;C:\Users\abhis\scoop\apps\temurin17-jdk\current\bin;C:\WINDOWS\SYSTEM32;C:\WINDOWS\WinSxS\amd64_microsoft.windows.common-controls_6595b64144ccf1df_6.0.22621.608_none_a9444ca7c10bb01d;C:\Users\abhis\scoop\apps\temurin17-jdk\current\bin\server

VM Arguments:
jvm_args: -Dclassworlds.conf=C:\Users\abhis\scoop\apps\netbeans\current\java\maven\bin\m2.conf -Dmaven.home=C:\Users\abhis\scoop\apps\netbeans\current\java\maven -Dlibrary.jansi.path=C:\Users\abhis\scoop\apps\netbeans\current\java\maven\lib\jansi-native -Dmaven.multiModuleProjectDirectory=C:\Users\abhis\Documents\NetBeansProjects\federatedflix 
java_command: org.codehaus.plexus.classworlds.launcher.Launcher -Dmaven.ext.class.path=C:\Users\abhis\scoop\apps\netbeans\current\java\maven-nblib\netbeans-eventspy.jar -Dfile.encoding=UTF-8 clean install
java_class_path (initial): C:\Users\abhis\scoop\apps\netbeans\current\java\maven\boot\plexus-classworlds-2.6.0.jar
Launcher Type: SUN_STANDARD

[Global flags]
     intx CICompilerCount                          = 4                                         {product} {ergonomic}
     uint ConcGCThreads                            = 3                                         {product} {ergonomic}
     uint G1ConcRefinementThreads                  = 10                                        {product} {ergonomic}
   size_t G1HeapRegionSize                         = 2097152                                   {product} {ergonomic}
    uintx GCDrainStackTargetSize                   = 64                                        {product} {ergonomic}
   size_t InitialHeapSize                          = 268435456                                 {product} {ergonomic}
   size_t MarkStackSize                            = 4194304                                   {product} {ergonomic}
   size_t MaxHeapSize                              = 4273995776                                {product} {ergonomic}
   size_t MinHeapDeltaBytes                        = 2097152                                   {product} {ergonomic}
   size_t MinHeapSize                              = 8388608                                   {product} {ergonomic}
    uintx NonNMethodCodeHeapSize                   = 5839372                                {pd product} {ergonomic}
    uintx NonProfiledCodeHeapSize                  = 122909434                              {pd product} {ergonomic}
    uintx ProfiledCodeHeapSize                     = 122909434                              {pd product} {ergonomic}
    uintx ReservedCodeCacheSize                    = 251658240                              {pd product} {ergonomic}
     bool SegmentedCodeCache                       = true                                      {product} {ergonomic}
   size_t SoftMaxHeapSize                          = 4273995776                             {manageable} {ergonomic}
     bool UseCompressedClassPointers               = true                           {product lp64_product} {ergonomic}
     bool UseCompressedOops                        = true                           {product lp64_product} {ergonomic}
     bool UseG1GC                                  = true                                      {product} {ergonomic}
     bool UseLargePagesIndividualAllocation        = false                                  {pd product} {ergonomic}

Logging:
Log output configuration:
 #0: stdout all=warning uptime,level,tags
 #1: stderr all=off uptime,level,tags

Environment Variables:
JAVA_HOME=C:\Users\abhis\scoop\apps\temurin17-jdk\current
PATH=C:\Windows\system32;C:\Windows;C:\Windows\System32\Wbem;C:\Windows\System32\WindowsPowerShell\v1.0\;C:\Windows\System32\OpenSSH\;C:\Program Files\NVIDIA Corporation\NVIDIA NvDLISR;C:\Program Files (x86)\NVIDIA Corporation\PhysX\Common;C:\Program Files\dotnet\;C:\WINDOWS\system32;C:\WINDOWS;C:\WINDOWS\System32\Wbem;C:\WINDOWS\System32\WindowsPowerShell\v1.0\;C:\Users\abhis\scoop\apps\python\current\Scripts;C:\Users\abhis\scoop\apps\python\current;C:\Users\abhis\scoop\apps\vscode\current\bin;C:\Users\abhis\scoop\apps\maven\current\bin;C:\Users\abhis\scoop\apps\temurin17-jdk\current\bin;C:\Users\abhis\scoop\apps\temurin11-jdk\current\bin;C:\Users\abhis\.cargo\bin;C:\Users\abhis\AppData\Local\pnpm;C:\Users\abhis\scoop\apps\nvm\current\nodejs\nodejs;C:\Users\abhis\scoop\shims;C:\Users\abhis\AppData\Local\Microsoft\WindowsApps;C:\Users\abhis\Documents\Development\flutter\bin;C:\Users\abhis\AppData\Local\Microsoft\WindowsApps;C:\Users\abhis\AppData\Local\Pub\Cache\bin;C:\Users\abhis\Documents\Development\payara-6.2023.2\bin
USERNAME=abhis
OS=Windows_NT
PROCESSOR_IDENTIFIER=AMD64 Family 25 Model 33 Stepping 0, AuthenticAMD
TMP=C:\Users\abhis\AppData\Local\Temp
TEMP=C:\Users\abhis\AppData\Local\Temp



---------------  S Y S T E M  ---------------

OS:
 Windows 11 , 64 bit Build 22621 (10.0.22621.1485)
OS uptime: 0 days 3:39 hours
Hyper-V role detected

CPU: total 12 (initial active 12) (12 cores per cpu, 2 threads per core) family 25 model 33 stepping 0 microcode 0x0, cx8, cmov, fxsr, ht, mmx, 3dnowpref, sse, sse2, sse3, ssse3, sse4a, sse4.1, sse4.2, popcnt, lzcnt, tsc, tscinvbit, avx, avx2, aes, erms, clmul, bmi1, bmi2, adx, sha, fma, vzeroupper, clflush, clflushopt, hv

Memory: 4k page, system-wide physical 16298M (595M free)
TotalPageFile size 65450M (AvailPageFile size 99M)
current process WorkingSet (physical memory assigned to process): 11M, peak: 11M
current process commit charge ("private bytes"): 64M, peak: 320M

vm_info: OpenJDK 64-Bit Server VM (17.0.6+10) for windows-amd64 JRE (17.0.6+10), built on Jan 18 2023 10:08:59 by "temurin" with MS VC++ 16.7 (VS2019)

END.
